#
# A fatal error has been detected by the Java Runtime Environment:
#
#  EXCEPTION_STACK_OVERFLOW (0xc00000fd) at pc=0x0152b9a3, pid=20772, tid=0x00003eb8
#
# JRE version: Java(TM) SE Runtime Environment (8.0_191-b12) (build 1.8.0_191-b12)
# Java VM: Java HotSpot(TM) Client VM (25.191-b12 mixed mode windows-x86 )
# Problematic frame:
# C  [jSSC-2.8_x86.dll+0xb9a3]
#
# Failed to write core dump. Minidumps are not enabled by default on client versions of Windows
#
# If you would like to submit a bug report, please visit:
#   http://bugreport.java.com/bugreport/crash.jsp
# The crash happened outside the Java Virtual Machine in native code.
# See problematic frame for where to report the bug.
#

---------------  T H R E A D  ---------------

Current thread (0x29aa4800):  JavaThread "EventThread COM5" [_thread_in_native, id=16056, stack(0x278c0000,0x27910000)]

siginfo: ExceptionCode=0xc00000fd, ExceptionInformation=0x00000001 0x278c0460 

Registers:
EAX=0x0001f640, EBX=0x01608db0, ECX=0x278c0460, EDX=0x00000000
ESP=0x2790f454, EBP=0x2790f4b8, ESI=0x29aa4940, EDI=0x01608dc4
EIP=0x0152b9a3, EFLAGS=0x00010206

Top of Stack: (sp=0x2790f454)
0x2790f454:   0006d640 00000000 01521739 00000014
0x2790f464:   2880cfa8 00000001 00000000 00000000
0x2790f474:   00000001 0006d634 00000001 05db93b0
0x2790f484:   0388e210 00000ad0 2880cfa8 0000002c
0x2790f494:   0000002c 00000000 00000000 00000000
0x2790f4a4:   00000000 02f423b0 00000000 16b88878
0x2790f4b4:   29aa4800 2790f4e8 037bbb65 29aa4940
0x2790f4c4:   2790f4d4 00000ad0 00000000 0006d634 

Instructions: (pc=0x0152b9a3)
0x0152b983:   fd ff ff eb 91 90 90 90 90 90 90 90 90 51 50 3d
0x0152b993:   00 10 00 00 8d 4c 24 0c 72 15 81 e9 00 10 00 00
0x0152b9a3:   83 09 00 2d 00 10 00 00 3d 00 10 00 00 77 eb 29
0x0152b9b3:   c1 83 09 00 58 59 c3 90 90 8b 44 24 04 c7 00 ff 


Register to memory mapping:

EAX=0x0001f640 is an unknown value
EBX=0x01608db0 is an unknown value
ECX=0x278c0460 is pointing into the stack for thread: 0x29aa4800
EDX=0x00000000 is an unknown value
ESP=0x2790f454 is pointing into the stack for thread: 0x29aa4800
EBP=0x2790f4b8 is pointing into the stack for thread: 0x29aa4800
ESI=0x29aa4940 is an unknown value
EDI=0x01608dc4 is an unknown value


Stack: [0x278c0000,0x27910000],  sp=0x2790f454,  free space=317k
Native frames: (J=compiled Java code, j=interpreted, Vv=VM code, C=native code)
C  [jSSC-2.8_x86.dll+0xb9a3]
J 7296  jssc.SerialNativeInterface.readBytes(JI)[B (0 bytes) @ 0x037bbb65 [0x037bbad0+0x95]
J 7671 C1 jssc.SerialPort$EventThread.run()V (84 bytes) @ 0x0389d530 [0x0389d2c0+0x270]
v  ~StubRoutines::call_stub
V  [jvm.dll+0x15c315]
V  [jvm.dll+0x223ece]
V  [jvm.dll+0x15c3ae]
V  [jvm.dll+0x15c536]
V  [jvm.dll+0x15c5a7]
V  [jvm.dll+0x1002ef]
V  [jvm.dll+0x17f550]
V  [jvm.dll+0x17fdca]
V  [jvm.dll+0x1c57a6]
C  [msvcr100.dll+0x5c556]
C  [msvcr100.dll+0x5c600]
C  [KERNEL32.DLL+0x17ba9]
C  [ntdll.dll+0x6b7db]
C  [ntdll.dll+0x6b75f]
C  0x00000000

Java frames: (J=compiled Java code, j=interpreted, Vv=VM code)
J 7296  jssc.SerialNativeInterface.readBytes(JI)[B (0 bytes) @ 0x037bbb21 [0x037bbad0+0x51]
J 7671 C1 jssc.SerialPort$EventThread.run()V (84 bytes) @ 0x0389d530 [0x0389d2c0+0x270]
v  ~StubRoutines::call_stub

---------------  P R O C E S S  ---------------

Java Threads: ( => current thread )
=>0x29aa4800 JavaThread "EventThread COM5" [_thread_in_native, id=16056, stack(0x278c0000,0x27910000)]
  0x29aa0800 JavaThread "JmDNS(MSI.local.).State.Timer" [_thread_blocked, id=16456, stack(0x02e90000,0x02ee0000)]
  0x29aa5400 JavaThread "JmDNS(MSI.local.).Timer" daemon [_thread_blocked, id=14172, stack(0x02db0000,0x02e00000)]
  0x29a9fc00 JavaThread "SocketListener(MSI.local.)" daemon [_thread_in_native, id=19800, stack(0x01480000,0x014d0000)]
  0x29aa6400 JavaThread "DestroyJavaVM" [_thread_blocked, id=17664, stack(0x03020000,0x03070000)]
  0x28836c00 JavaThread "TimerQueue" daemon [_thread_blocked, id=18320, stack(0x2b1c0000,0x2b210000)]
  0x28837800 JavaThread "AWT-EventQueue-0" [_thread_in_Java, id=2340, stack(0x2ab40000,0x2ab90000)]
  0x28834c00 JavaThread "AWT-Shutdown" [_thread_blocked, id=1040, stack(0x2aab0000,0x2ab00000)]
  0x28836000 JavaThread "Batik CleanerThread" daemon [_thread_blocked, id=6972, stack(0x296a0000,0x296f0000)]
  0x26fe9c00 JavaThread "Multihomed mDNS.Timer" daemon [_thread_blocked, id=18536, stack(0x25e40000,0x25e90000)]
  0x26dfdc00 JavaThread "cc.arduino.packages.discoverers.serial.SerialDiscovery" [_thread_blocked, id=11796, stack(0x29210000,0x29260000)]
  0x27003000 JavaThread "AWT-Windows" daemon [_thread_in_native, id=10752, stack(0x27500000,0x27550000)]
  0x26fffc00 JavaThread "Java2D Disposer" daemon [_thread_blocked, id=17432, stack(0x273e0000,0x27430000)]
  0x25ed8800 JavaThread "Service Thread" daemon [_thread_blocked, id=688, stack(0x26c70000,0x26cc0000)]
  0x25edf400 JavaThread "C1 CompilerThread0" daemon [_thread_blocked, id=2500, stack(0x26be0000,0x26c30000)]
  0x25ede000 JavaThread "Attach Listener" daemon [_thread_blocked, id=8112, stack(0x26b50000,0x26ba0000)]
  0x25ec0400 JavaThread "Signal Dispatcher" daemon [_thread_blocked, id=13832, stack(0x26ac0000,0x26b10000)]
  0x25ebd000 JavaThread "Finalizer" daemon [_thread_blocked, id=11016, stack(0x25cf0000,0x25d40000)]
  0x25eb7000 JavaThread "Reference Handler" daemon [_thread_blocked, id=3832, stack(0x25d60000,0x25db0000)]

Other Threads:
  0x25ea1c00 VMThread [stack: 0x25c20000,0x25c70000] [id=10608]
  0x25f04800 WatcherThread [stack: 0x26d00000,0x26d50000] [id=8656]

VM state:not at safepoint (normal execution)

VM Mutex/Monitor currently owned by a thread: None

Heap:
 def new generation   total 89600K, used 13584K [0x05600000, 0x0b730000, 0x100a0000)
  eden space 79680K,  17% used [0x05600000, 0x06344398, 0x0a3d0000)
  from space 9920K,   0% used [0x0a3d0000, 0x0a3d0000, 0x0ad80000)
  to   space 9920K,   0% used [0x0ad80000, 0x0ad80000, 0x0b730000)
 tenured generation   total 198904K, used 119197K [0x100a0000, 0x1c2de000, 0x25600000)
   the space 198904K,  59% used [0x100a0000, 0x17507778, 0x17507800, 0x1c2de000)
 Metaspace       used 25453K, capacity 26001K, committed 26112K, reserved 27008K

Card table byte_map: [0x25600000,0x25710000] byte_map_base: 0x255d5000

Polling page: 0x015f0000

CodeCache: size=32768Kb used=2864Kb max_used=5057Kb free=29903Kb
 bounds [0x03600000, 0x03af8000, 0x05600000]
 total_blobs=1652 nmethods=1354 adapters=226
 compilation: enabled

Compilation events (10 events):
Event: 3488.334 Thread 0x25edf400 8886             java.io.WinNTFileSystem::parentOrNull (171 bytes)
Event: 3488.335 Thread 0x25edf400 nmethod 8886 0x037e0648 code [0x037e07b0, 0x037e0b10]
Event: 3488.340 Thread 0x25edf400 8887             java.util.LinkedList::linkFirst (59 bytes)
Event: 3488.340 Thread 0x25edf400 nmethod 8887 0x037e0388 code [0x037e0480, 0x037e05c0]
Event: 3488.390 Thread 0x25edf400 8888  s          java.util.Vector::removeAllElements (39 bytes)
Event: 3488.390 Thread 0x25edf400 nmethod 8888 0x037dff88 code [0x037e0090, 0x037e02a0]
Event: 3489.172 Thread 0x25edf400 8889             java.util.Calendar::setFieldsComputed (117 bytes)
Event: 3489.172 Thread 0x25edf400 nmethod 8889 0x036c5ac8 code [0x036c5be0, 0x036c5da0]
Event: 3489.723 Thread 0x25edf400 8890 %           java.lang.ref.Reference$ReferenceHandler::run @ 0 (8 bytes)
Event: 3489.723 Thread 0x25edf400 nmethod 8890% 0x037a6d88 code [0x037a6e90, 0x037a6f3c]

GC Heap History (10 events):
Event: 3023.378 GC heap before
{Heap before GC invocations=22 (full 3):
 def new generation   total 89600K, used 81069K [0x05600000, 0x0b730000, 0x100a0000)
  eden space 79680K, 100% used [0x05600000, 0x0a3d0000, 0x0a3d0000)
  from space 9920K,  14% used [0x0ad80000, 0x0aedb5e0, 0x0b730000)
  to   space 9920K,   0% used [0x0a3d0000, 0x0a3d0000, 0x0ad80000)
 tenured generation   total 198904K, used 187673K [0x100a0000, 0x1c2de000, 0x25600000)
   the space 198904K,  94% used [0x100a0000, 0x1b7e6588, 0x1b7e6600, 0x1c2de000)
 Metaspace       used 25489K, capacity 26048K, committed 26112K, reserved 27008K
Event: 3023.382 GC heap after
Heap after GC invocations=23 (full 3):
 def new generation   total 89600K, used 7279K [0x05600000, 0x0b730000, 0x100a0000)
  eden space 79680K,   0% used [0x05600000, 0x05600000, 0x0a3d0000)
  from space 9920K,  73% used [0x0a3d0000, 0x0aaebd40, 0x0ad80000)
  to   space 9920K,   0% used [0x0ad80000, 0x0ad80000, 0x0b730000)
 tenured generation   total 198904K, used 187673K [0x100a0000, 0x1c2de000, 0x25600000)
   the space 198904K,  94% used [0x100a0000, 0x1b7e6588, 0x1b7e6600, 0x1c2de000)
 Metaspace       used 25489K, capacity 26048K, committed 26112K, reserved 27008K
}
Event: 3189.585 GC heap before
{Heap before GC invocations=23 (full 3):
 def new generation   total 89600K, used 86959K [0x05600000, 0x0b730000, 0x100a0000)
  eden space 79680K, 100% used [0x05600000, 0x0a3d0000, 0x0a3d0000)
  from space 9920K,  73% used [0x0a3d0000, 0x0aaebd40, 0x0ad80000)
  to   space 9920K,   0% used [0x0ad80000, 0x0ad80000, 0x0b730000)
 tenured generation   total 198904K, used 187673K [0x100a0000, 0x1c2de000, 0x25600000)
   the space 198904K,  94% used [0x100a0000, 0x1b7e6588, 0x1b7e6600, 0x1c2de000)
 Metaspace       used 25489K, capacity 26048K, committed 26112K, reserved 27008K
Event: 3189.591 GC heap after
Heap after GC invocations=24 (full 3):
 def new generation   total 89600K, used 3006K [0x05600000, 0x0b730000, 0x100a0000)
  eden space 79680K,   0% used [0x05600000, 0x05600000, 0x0a3d0000)
  from space 9920K,  30% used [0x0ad80000, 0x0b06f880, 0x0b730000)
  to   space 9920K,   0% used [0x0a3d0000, 0x0a3d0000, 0x0ad80000)
 tenured generation   total 198904K, used 194423K [0x100a0000, 0x1c2de000, 0x25600000)
   the space 198904K,  97% used [0x100a0000, 0x1be7df48, 0x1be7e000, 0x1c2de000)
 Metaspace       used 25489K, capacity 26048K, committed 26112K, reserved 27008K
}
Event: 3477.119 GC heap before
{Heap before GC invocations=24 (full 3):
 def new generation   total 89600K, used 82686K [0x05600000, 0x0b730000, 0x100a0000)
  eden space 79680K, 100% used [0x05600000, 0x0a3d0000, 0x0a3d0000)
  from space 9920K,  30% used [0x0ad80000, 0x0b06f880, 0x0b730000)
  to   space 9920K,   0% used [0x0a3d0000, 0x0a3d0000, 0x0ad80000)
 tenured generation   total 198904K, used 194423K [0x100a0000, 0x1c2de000, 0x25600000)
   the space 198904K,  97% used [0x100a0000, 0x1be7df48, 0x1be7e000, 0x1c2de000)
 Metaspace       used 25489K, capacity 26048K, committed 26112K, reserved 27008K
Event: 3477.123 GC heap after
Heap after GC invocations=25 (full 3):
 def new generation   total 89600K, used 3519K [0x05600000, 0x0b730000, 0x100a0000)
  eden space 79680K,   0% used [0x05600000, 0x05600000, 0x0a3d0000)
  from space 9920K,  35% used [0x0a3d0000, 0x0a73fd48, 0x0ad80000)
  to   space 9920K,   0% used [0x0ad80000, 0x0ad80000, 0x0b730000)
 tenured generation   total 198904K, used 194423K [0x100a0000, 0x1c2de000, 0x25600000)
   the space 198904K,  97% used [0x100a0000, 0x1be7df48, 0x1be7e000, 0x1c2de000)
 Metaspace       used 25489K, capacity 26048K, committed 26112K, reserved 27008K
}
Event: 3488.630 GC heap before
{Heap before GC invocations=25 (full 3):
 def new generation   total 89600K, used 82654K [0x05600000, 0x0b730000, 0x100a0000)
  eden space 79680K,  99% used [0x05600000, 0x0a347df8, 0x0a3d0000)
  from space 9920K,  35% used [0x0a3d0000, 0x0a73fd48, 0x0ad80000)
  to   space 9920K,   0% used [0x0ad80000, 0x0ad80000, 0x0b730000)
 tenured generation   total 198904K, used 194423K [0x100a0000, 0x1c2de000, 0x25600000)
   the space 198904K,  97% used [0x100a0000, 0x1be7df48, 0x1be7e000, 0x1c2de000)
 Metaspace       used 25489K, capacity 26048K, committed 26112K, reserved 27008K
Event: 3488.635 GC heap after
Heap after GC invocations=26 (full 3):
 def new generation   total 89600K, used 9203K [0x05600000, 0x0b730000, 0x100a0000)
  eden space 79680K,   0% used [0x05600000, 0x05600000, 0x0a3d0000)
  from space 9920K,  92% used [0x0ad80000, 0x0b67ce48, 0x0b730000)
  to   space 9920K,   0% used [0x0a3d0000, 0x0a3d0000, 0x0ad80000)
 tenured generation   total 198904K, used 194423K [0x100a0000, 0x1c2de000, 0x25600000)
   the space 198904K,  97% used [0x100a0000, 0x1be7df48, 0x1be7e000, 0x1c2de000)
 Metaspace       used 25489K, capacity 26048K, committed 26112K, reserved 27008K
}
Event: 3489.178 GC heap before
{Heap before GC invocations=26 (full 3):
 def new generation   total 89600K, used 87958K [0x05600000, 0x0b730000, 0x100a0000)
  eden space 79680K,  98% used [0x05600000, 0x0a2e89d0, 0x0a3d0000)
  from space 9920K,  92% used [0x0ad80000, 0x0b67ce48, 0x0b730000)
  to   space 9920K,   0% used [0x0a3d0000, 0x0a3d0000, 0x0ad80000)
 tenured generation   total 198904K, used 194423K [0x100a0000, 0x1c2de000, 0x25600000)
   the space 198904K,  97% used [0x100a0000, 0x1be7df48, 0x1be7e000, 0x1c2de000)
 Metaspace       used 25489K, capacity 26048K, committed 26112K, reserved 27008K
Event: 3489.722 GC heap after
Heap after GC invocations=27 (full 4):
 def new generation   total 89600K, used 0K [0x05600000, 0x0b730000, 0x100a0000)
  eden space 79680K,   0% used [0x05600000, 0x05600000, 0x0a3d0000)
  from space 9920K,   0% used [0x0a3d0000, 0x0a3d0000, 0x0ad80000)
  to   space 9920K,   0% used [0x0ad80000, 0x0ad80000, 0x0b730000)
 tenured generation   total 198904K, used 119197K [0x100a0000, 0x1c2de000, 0x25600000)
   the space 198904K,  59% used [0x100a0000, 0x17507778, 0x17507800, 0x1c2de000)
 Metaspace       used 25453K, capacity 26001K, committed 26112K, reserved 27008K
}

Deoptimization events (0 events):
No events

Classes redefined (0 events):
No events

Internal exceptions (10 events):
Event: 3488.287 Thread 0x29aa2800 Exception <a 'sun/nio/fs/WindowsException'> (0x069de300) thrown at [C:\workspace\8-2-build-windows-i586-cygwin\jdk8u191\11896\hotspot\src\share\vm\prims\jni.cpp, line 709]
Event: 3488.287 Thread 0x29aa2800 Exception <a 'sun/nio/fs/WindowsException'> (0x069de8d0) thrown at [C:\workspace\8-2-build-windows-i586-cygwin\jdk8u191\11896\hotspot\src\share\vm\prims\jni.cpp, line 709]
Event: 3488.290 Thread 0x29aa2800 Exception <a 'sun/nio/fs/WindowsException'> (0x069ebce0) thrown at [C:\workspace\8-2-build-windows-i586-cygwin\jdk8u191\11896\hotspot\src\share\vm\prims\jni.cpp, line 709]
Event: 3488.290 Thread 0x29aa2800 Exception <a 'sun/nio/fs/WindowsException'> (0x069ec288) thrown at [C:\workspace\8-2-build-windows-i586-cygwin\jdk8u191\11896\hotspot\src\share\vm\prims\jni.cpp, line 709]
Event: 3488.293 Thread 0x29aa2800 Exception <a 'sun/nio/fs/WindowsException'> (0x06a00a68) thrown at [C:\workspace\8-2-build-windows-i586-cygwin\jdk8u191\11896\hotspot\src\share\vm\prims\jni.cpp, line 709]
Event: 3488.293 Thread 0x29aa2800 Exception <a 'sun/nio/fs/WindowsException'> (0x06a00fd0) thrown at [C:\workspace\8-2-build-windows-i586-cygwin\jdk8u191\11896\hotspot\src\share\vm\prims\jni.cpp, line 709]
Event: 3488.295 Thread 0x29aa2800 Exception <a 'sun/nio/fs/WindowsException'> (0x06a314c8) thrown at [C:\workspace\8-2-build-windows-i586-cygwin\jdk8u191\11896\hotspot\src\share\vm\prims\jni.cpp, line 709]
Event: 3488.295 Thread 0x29aa2800 Exception <a 'sun/nio/fs/WindowsException'> (0x06a31a80) thrown at [C:\workspace\8-2-build-windows-i586-cygwin\jdk8u191\11896\hotspot\src\share\vm\prims\jni.cpp, line 709]
Event: 3488.298 Thread 0x29aa2800 Exception <a 'sun/nio/fs/WindowsException'> (0x06a41338) thrown at [C:\workspace\8-2-build-windows-i586-cygwin\jdk8u191\11896\hotspot\src\share\vm\prims\jni.cpp, line 709]
Event: 3488.298 Thread 0x29aa2800 Exception <a 'sun/nio/fs/WindowsException'> (0x06a418e0) thrown at [C:\workspace\8-2-build-windows-i586-cygwin\jdk8u191\11896\hotspot\src\share\vm\prims\jni.cpp, line 709]

Events (10 events):
Event: 3489.172 Thread 0x25edf400 flushing nmethod 0x038c2188
Event: 3489.172 Thread 0x25edf400 flushing nmethod 0x038c2808
Event: 3489.172 Thread 0x25edf400 flushing nmethod 0x038c3708
Event: 3489.172 Thread 0x25edf400 flushing nmethod 0x038f1088
Event: 3489.172 Thread 0x25edf400 flushing nmethod 0x038f1248
Event: 3489.172 Thread 0x25edf400 flushing nmethod 0x038f1748
Event: 3489.172 Thread 0x25edf400 flushing nmethod 0x0392d208
Event: 3489.172 Thread 0x25edf400 flushing nmethod 0x0392d548
Event: 3489.178 Executing VM operation: GenCollectForAllocation
Event: 3489.722 Executing VM operation: GenCollectForAllocation done


Dynamic libraries:
0x004f0000 - 0x00523000 	C:\Program Files (x86)\Arduino\java\bin\javaw.exe
0x77380000 - 0x7752f000 	C:\WINDOWS\SYSTEM32\ntdll.dll
0x76d40000 - 0x76e30000 	C:\WINDOWS\System32\KERNEL32.DLL
0x77100000 - 0x77368000 	C:\WINDOWS\System32\KERNELBASE.dll
0x76e40000 - 0x76ebc000 	C:\WINDOWS\System32\ADVAPI32.dll
0x752a0000 - 0x75364000 	C:\WINDOWS\System32\msvcrt.dll
0x769b0000 - 0x76a32000 	C:\WINDOWS\System32\sechost.dll
0x76b90000 - 0x76c49000 	C:\WINDOWS\System32\RPCRT4.dll
0x75b10000 - 0x75cb7000 	C:\WINDOWS\System32\USER32.dll
0x77050000 - 0x7706a000 	C:\WINDOWS\System32\win32u.dll
0x750d0000 - 0x750f2000 	C:\WINDOWS\System32\GDI32.dll
0x751c0000 - 0x7529d000 	C:\WINDOWS\System32\gdi32full.dll
0x76a50000 - 0x76ac9000 	C:\WINDOWS\System32\msvcp_win.dll
0x76ec0000 - 0x76fd2000 	C:\WINDOWS\System32\ucrtbase.dll
0x74bb0000 - 0x74dd4000 	C:\WINDOWS\WinSxS\x86_microsoft.windows.common-controls_6595b64144ccf1df_6.0.22598.1_none_a6b2c304b2454ef5\COMCTL32.dll
0x76c50000 - 0x76c75000 	C:\WINDOWS\System32\IMM32.DLL
0x64d40000 - 0x64dff000 	C:\Program Files (x86)\Arduino\java\bin\msvcr100.dll
0x52230000 - 0x52603000 	C:\Program Files (x86)\Arduino\java\bin\client\jvm.dll
0x751b0000 - 0x751b6000 	C:\WINDOWS\System32\PSAPI.DLL
0x74a00000 - 0x74a08000 	C:\WINDOWS\SYSTEM32\VERSION.dll
0x73710000 - 0x73718000 	C:\WINDOWS\SYSTEM32\WSOCK32.dll
0x74b70000 - 0x74ba1000 	C:\WINDOWS\SYSTEM32\WINMM.dll
0x75cc0000 - 0x75d1f000 	C:\WINDOWS\System32\WS2_32.dll
0x64d10000 - 0x64d40000 	C:\Program Files (x86)\Arduino\java\bin\splashscreen.dll
0x65180000 - 0x6518c000 	C:\Program Files (x86)\Arduino\java\bin\verify.dll
0x64ce0000 - 0x64d02000 	C:\Program Files (x86)\Arduino\java\bin\java.dll
0x74af0000 - 0x74b6f000 	C:\WINDOWS\system32\uxtheme.dll
0x761b0000 - 0x7642b000 	C:\WINDOWS\System32\combase.dll
0x657e0000 - 0x658d9000 	C:\ProgramData\A-Volute\A-Volute.Nahimic\Modules\Scheduled\AudioDevProps2.dll
0x75e90000 - 0x75fdd000 	C:\WINDOWS\System32\ole32.dll
0x75160000 - 0x751ab000 	C:\WINDOWS\System32\SHLWAPI.dll
0x75370000 - 0x759bc000 	C:\WINDOWS\System32\SHELL32.dll
0x64cc0000 - 0x64cd4000 	C:\Program Files (x86)\Arduino\java\bin\zip.dll
0x76490000 - 0x7656a000 	C:\WINDOWS\System32\MSCTF.dll
0x74a10000 - 0x74a23000 	C:\WINDOWS\SYSTEM32\kernel.appcore.dll
0x76fe0000 - 0x77042000 	C:\WINDOWS\System32\bcryptPrimitives.dll
0x741a0000 - 0x7485d000 	C:\WINDOWS\SYSTEM32\windows.storage.dll
0x73990000 - 0x73a56000 	C:\WINDOWS\SYSTEM32\wintypes.dll
0x76ad0000 - 0x76b90000 	C:\WINDOWS\System32\SHCORE.dll
0x73440000 - 0x73459000 	C:\WINDOWS\SYSTEM32\profapi.dll
0x65c20000 - 0x65d02000 	C:\WINDOWS\SYSTEM32\textinputframework.dll
0x76c80000 - 0x76d1c000 	C:\WINDOWS\System32\OLEAUT32.dll
0x61d70000 - 0x61e3d000 	C:\WINDOWS\SYSTEM32\CoreMessaging.dll
0x64ef0000 - 0x65180000 	C:\WINDOWS\SYSTEM32\CoreUIComponents.dll
0x71360000 - 0x7136b000 	C:\WINDOWS\SYSTEM32\CRYPTBASE.DLL
0x61940000 - 0x619b3000 	C:\Program Files (x86)\Arduino\lib\listSerialsj.dll
0x76570000 - 0x769ad000 	C:\WINDOWS\System32\SETUPAPI.dll
0x748e0000 - 0x7491d000 	C:\WINDOWS\SYSTEM32\cfgmgr32.DLL
0x64ca0000 - 0x64cbd000 	C:\Program Files (x86)\Arduino\lib\jnidispatch-4.2.2-win32-x86.dll
0x64c80000 - 0x64c95000 	C:\Program Files (x86)\Arduino\java\bin\net.dll
0x71190000 - 0x711e1000 	C:\WINDOWS\system32\mswsock.dll
0x64c70000 - 0x64c7f000 	C:\Program Files (x86)\Arduino\java\bin\nio.dll
0x64b20000 - 0x64c67000 	C:\Program Files (x86)\Arduino\java\bin\awt.dll
0x6e850000 - 0x6e8f4000 	C:\WINDOWS\SYSTEM32\apphelp.dll
0x73860000 - 0x73884000 	C:\WINDOWS\system32\DWMAPI.DLL
0x64ae0000 - 0x64b19000 	C:\Program Files (x86)\Arduino\java\bin\fontmanager.dll
0x64730000 - 0x64810000 	C:\WINDOWS\system32\opengl32.dll
0x64a90000 - 0x64ad2000 	C:\WINDOWS\SYSTEM32\GLU32.dll
0x6bff0000 - 0x6c01d000 	C:\WINDOWS\SYSTEM32\dxcore.dll
0x646f0000 - 0x64722000 	C:\Program Files (x86)\Arduino\java\bin\t2k.dll
0x646e0000 - 0x646ea000 	C:\Program Files (x86)\Arduino\java\bin\management.dll
0x712e0000 - 0x712f2000 	C:\WINDOWS\system32\napinsp.dll
0x711f0000 - 0x71206000 	C:\WINDOWS\system32\pnrpnsp.dll
0x710d0000 - 0x71189000 	C:\WINDOWS\SYSTEM32\DNSAPI.dll
0x74a30000 - 0x74a54000 	C:\WINDOWS\SYSTEM32\IPHLPAPI.DLL
0x76a40000 - 0x76a47000 	C:\WINDOWS\System32\NSI.dll
0x73670000 - 0x7367e000 	C:\WINDOWS\System32\winrnr.dll
0x73650000 - 0x73661000 	C:\WINDOWS\system32\wshbth.dll
0x73630000 - 0x73648000 	C:\WINDOWS\system32\nlansp_c.dll
0x73460000 - 0x734bd000 	C:\WINDOWS\System32\fwpuclnt.dll
0x73620000 - 0x73628000 	C:\Windows\System32\rasadhlp.dll
0x71390000 - 0x713a6000 	C:\WINDOWS\SYSTEM32\dhcpcsvc6.DLL
0x71370000 - 0x71387000 	C:\WINDOWS\SYSTEM32\dhcpcsvc.DLL
0x71310000 - 0x71325000 	C:\WINDOWS\SYSTEM32\CRYPTSP.dll
0x6f340000 - 0x6f370000 	C:\WINDOWS\system32\rsaenh.dll
0x74f50000 - 0x74f6f000 	C:\WINDOWS\SYSTEM32\USERENV.dll
0x6f320000 - 0x6f33a000 	C:\WINDOWS\SYSTEM32\bcrypt.dll
0x64670000 - 0x646d9000 	C:\Program Files (x86)\Arduino\msvcp100.dll
0x645b0000 - 0x6466e000 	C:\Program Files (x86)\Arduino\msvcr100.dll
0x27430000 - 0x27462000 	C:\Program Files (x86)\Arduino\lib\AStylej.dll
0x64580000 - 0x645a4000 	C:\Program Files (x86)\Arduino\java\bin\dcpr.dll
0x77070000 - 0x770f2000 	C:\WINDOWS\System32\clbcatq.dll
0x63ec0000 - 0x64020000 	C:\WINDOWS\SYSTEM32\WindowsCodecs.dll
0x693d0000 - 0x6941c000 	C:\WINDOWS\system32\dataexchange.dll
0x67f70000 - 0x6813f000 	C:\WINDOWS\system32\twinapi.appcore.dll
0x64560000 - 0x64580000 	C:\Program Files (x86)\Arduino\java\bin\sunec.dll
0x64550000 - 0x64559000 	C:\Program Files (x86)\Arduino\java\bin\sunmscapi.dll
0x75d20000 - 0x75e23000 	C:\WINDOWS\System32\CRYPT32.dll
0x6b930000 - 0x6b954000 	C:\WINDOWS\SYSTEM32\DEVOBJ.dll
0x76430000 - 0x76486000 	C:\WINDOWS\System32\WINTRUST.dll
0x738a0000 - 0x738ae000 	C:\WINDOWS\SYSTEM32\MSASN1.dll
0x01520000 - 0x0153b000 	C:\Program Files (x86)\Arduino\lib\jSSC-2.8_x86.dll
0x6ba70000 - 0x6bc42000 	C:\WINDOWS\SYSTEM32\dbghelp.dll

VM Arguments:
jvm_args: -Dsun.java2d.d3d=false -Djna.nosys=true -Djna.nounpack=true -Djna.boot.library.name=jnidispatch-4.2.2-win32-x86 -Djna.boot.library.path=C:\Program Files (x86)\Arduino/lib -Djssc.library.path=C:\Program Files (x86)\Arduino/lib -DAPP_DIR=C:\Program Files (x86)\Arduino -Xms128M -Xmx512M -Dfile.encoding=UTF8 -Djava.net.preferIPv4Stack=true 
java_command: processing.app.Base D:\works\iot-arduino\disinfectionVehicleEsp32Camera\arduinoEsp8266\arduinoEsp8266.ino
java_class_path (initial): C:\Program Files (x86)\Arduino\lib\apple.jar;C:\Program Files (x86)\Arduino\lib\arduino-core.jar;C:\Program Files (x86)\Arduino\lib\batik-1.8.jar;C:\Program Files (x86)\Arduino\lib\batik-anim-1.8.jar;C:\Program Files (x86)\Arduino\lib\batik-awt-util-1.8.jar;C:\Program Files (x86)\Arduino\lib\batik-bridge-1.8.jar;C:\Program Files (x86)\Arduino\lib\batik-codec-1.8.jar;C:\Program Files (x86)\Arduino\lib\batik-css-1.8.jar;C:\Program Files (x86)\Arduino\lib\batik-dom-1.8.jar;C:\Program Files (x86)\Arduino\lib\batik-ext-1.8.jar;C:\Program Files (x86)\Arduino\lib\batik-gvt-1.8.jar;C:\Program Files (x86)\Arduino\lib\batik-parser-1.8.jar;C:\Program Files (x86)\Arduino\lib\batik-rasterizer-1.8.jar;C:\Program Files (x86)\Arduino\lib\batik-script-1.8.jar;C:\Program Files (x86)\Arduino\lib\batik-squiggle-1.8.jar;C:\Program Files (x86)\Arduino\lib\batik-svg-dom-1.8.jar;C:\Program Files (x86)\Arduino\lib\batik-svgpp-1.8.jar;C:\Program Files (x86)\Arduino\lib\batik-transcoder-1.8.jar;C:\Program Files (x86)\Arduino\lib\batik-util-1.8.jar;C:\Program Files (x86)\Arduino\lib\batik-xml-1.8.jar;C:\Program Files (x86)\Arduino\lib\bcpg-jdk15on-152.jar;C:\Program Files (x86)\Arduino\lib\bcprov-jdk15on-152.jar;C:\Program Files (x86)\Arduino\lib\commons-codec-1.7.jar;C:\Program Files (x86)\Arduino\lib\commons-compress-1.8.jar;C:\Program Files (x86)\Arduino\lib\commons-exec-1.1.jar;C:\Program Files (x86)\Arduino\lib\commons-httpclient-3.1.jar;C:\Program Files (x86)\Arduino\lib\commons-lang3-3.8.1.jar;C:\Program Files (x86)\Arduino\lib\commons-logging-1.0.4.jar;C:\Program Files (x86)\Arduino\lib\commons-net-3.3.jar;C:\Program Files (x86)\Arduino\lib\commons-io-2.6.jar;C:\Program Files (x86)\Arduino\lib\jackson-annotations-2.9.5.jar;C:\Program Files (x86)\Arduino\lib\jackson-core-2.9.5.jar;C:\Program Files (x86)\Arduino\lib\jackson-databind-2.9.5.jar;C:\Program Files (x86)\Arduino\lib\java-semver-0.8.0.jar;C:\Program Files (x86)\Arduino\lib\jmdns-3.5.5.jar;C:\Program
Launcher Type: SUN_STANDARD

Environment Variables:
JAVA_HOME=C:\Program Files\OpenJDK\openjdk-11.0.13_8
PATH=C:\Program Files\PowerShell\7;C:\Program Files\Common Files\Oracle\Java\javapath;C:\Python39\Scripts\;C:\Python39\;C:\WINDOWS\system32;C:\WINDOWS;C:\WINDOWS\System32\Wbem;C:\WINDOWS\System32\WindowsPowerShell\v1.0\;C:\WINDOWS\System32\OpenSSH\;C:\Program Files\NVIDIA Corporation\NVIDIA NvDLISR;C:\Program Files\Microsoft SQL Server\130\Tools\Binn\;C:\Program Files\nodejs\;C:\ProgramData\chocolatey\bin;C:\Program Files\dotnet\;C:\Program Files (x86)\mingw-w64\i686-8.1.0-posix-dwarf-rt_v6-rev0\mingw32\bin;C:\Program Files\Java\jdk-16.0.1\bin;C:\ProgramData\chocolatey\lib\vim\legal;C:\Program Files\Git\cmd;C:\Python39;C:\Program Files\Docker\Docker\resources\bin;C:\ProgramData\DockerDesktop\version-bin;C:\msys64\mingw64\bin;C:\msys64\usr\bin;C:\Users\Hi\AppData\Local\Programs\oh-my-posh\bin;C:\Users\Hi\AppData\Local\Programs\oh-my-posh\themes;C:\Users\Hi\AppData\Local\Android\Sdk\platform-tools;C:\mosquitto;C:\flutter\bin;C:\Program Files\OpenJDK\openjdk-11.0.13_8\bin;C:\gradle\gradle-7.3.3\bin;;C:\Program Files (x86)\EasyShare\x86\;C:\Program Files (x86)\EasyShare\x64\;C:\Program Files\PowerShell\7\;C:\Program Files\Common Files\Autodesk Shared\;C:\Program Files\Microsoft SQL Server\120\Tools\Binn\;C:\Users\Hi\scoop\shims;C:\Users\Hi\AppData\Local\Microsoft\WindowsApps;C:\Users\Hi\AppData\Roaming\npm;C:\Users\Hi\.dotnet\tools;C:\Users\Hi\AppData\Local\Programs\Microsoft VS Code\bin;C:\Program Files (x86)\Java\jre1.8.0_291\bin;C:\Users\Hi\AppData\Local\GitHubDesktop\bin;C:\Users\Hi\.deno\bin;C:\tools\neovim\Neovim\bin;C:\Program Files\JetBrains\PyCharm 2021.2.1\bin;C:\Program Files\JetBrains\IntelliJ IDEA Community Edition 2021.2.1\bin;C:\Users\Hi\AppData\Local\Microsoft\WindowsApps;C:\Users\Hi\AppData\Local\Programs\Microsoft VS Code Insiders\bin;C:\tools\dart-sdk\bin;C:\Users\Hi\AppData\Roaming\Pub\Cache\bin;C:\Users\Hi\.platformio\penv\Scripts;C:\Program Files (x86)\Arduino\java\bin
USERNAME=phuong
OS=Windows_NT
PROCESSOR_IDENTIFIER=Intel64 Family 6 Model 158 Stepping 10, GenuineIntel



---------------  S Y S T E M  ---------------

OS: Windows 10.0 , 64 bit Build 22598 (10.0.22598.1)

CPU:total 8 (initial active 8) (4 cores per cpu, 2 threads per core) family 6 model 158 stepping 10, cmov, cx8, fxsr, mmx, sse, sse2, sse3, ssse3, sse4.1, sse4.2, popcnt, avx, avx2, aes, clmul, erms, 3dnowpref, lzcnt, ht, tsc, tscinvbit, bmi1, bmi2, adx

Memory: 4k page, physical 8228988k(1255804k free), swap 19261192k(3107916k free)

vm_info: Java HotSpot(TM) Client VM (25.191-b12) for windows-x86 JRE (1.8.0_191-b12), built on Oct  6 2018 08:34:23 by "java_re" with MS VC++ 10.0 (VS2010)

time: Sat Apr 23 18:44:09 2022
elapsed time: 3489 seconds (0d 0h 58m 9s)

